
2019-02-17 22:07:52,675 INFO  [Log]:28 Path of Logger XMLD:/EclipseLuna/Edureka_Project/src/test/java/log4j.xml 
2019-02-17 22:07:52,690 INFO  [Log]:28 Path of Excel File PathD:/EclipseLuna/Edureka_Project/DataExcel/ 
2019-02-17 22:07:52,690 INFO  [Log]:28 Path of Excel File NameTestData.xlsx 
2019-02-17 22:07:52,690 INFO  [Log]:28 Path of Screenshots Folder Path./Screenshots/ 
2019-02-17 22:07:52,754 INFO  [Log]:28 Path of Image To be UploadD:/EclipseLuna/Edureka_Project/Images 
2019-02-17 22:07:52,754 INFO  [Log]:28 Path of Image To be UploadIMG-20180612-WA0003.jpg 
2019-02-17 22:09:13,073 INFO  [Log]:28 Path of Logger XMLD:/EclipseLuna/Edureka_Project/src/test/java/log4j.xml 
2019-02-17 22:09:13,088 INFO  [Log]:10 **************************************************************************************** 
2019-02-17 22:09:13,088 INFO  [Log]:11 **************************************************************************************** 
2019-02-17 22:09:13,088 INFO  [Log]:12 $$$$$$$$$$$$$$$$$$$$$                 ExploreBlogsOnEdureka       $$$$$$$$$$$$$$$$$$$$$$$$$ 
2019-02-17 22:09:13,088 INFO  [Log]:13 **************************************************************************************** 
2019-02-17 22:09:13,088 INFO  [Log]:14 **************************************************************************************** 
2019-02-17 22:09:13,088 INFO  [Log]:28 Path of Excel File PathD:/EclipseLuna/Edureka_Project/DataExcel/ 
2019-02-17 22:09:13,088 INFO  [Log]:28 Path of Excel File NameTestData.xlsx 
2019-02-17 22:09:13,088 INFO  [Log]:28 Path of Screenshots Folder Path./Screenshots/ 
2019-02-17 22:09:14,524 INFO  [Log]:28 Excel sheet opened 
2019-02-17 22:09:14,524 INFO  [Log]:28 Total number of Row used return as < 1 >. 
2019-02-17 22:09:52,873 INFO  [Log]:28 New driver instantiated 
2019-02-17 22:09:52,888 INFO  [Log]:28 Implicit wait applied on the driver for 20 seconds 
2019-02-17 22:10:13,441 INFO  [Log]:28 Web application launched successfully 
2019-02-17 22:10:13,458 INFO  [Log]:28 Click action is performed on My Account link 
2019-02-17 22:10:16,528 INFO  [Log]:28 prakash28laxmi@gmail.com is entered in UserName text box 
2019-02-17 22:10:16,779 INFO  [Log]:28 Click action is performed on Login button 
2019-02-17 22:10:25,907 INFO  [Log]:28 Search Criteria is found on Home Screen 
2019-02-17 22:10:26,993 INFO  [Log]:28 Blog Link is found and Opening in New Tab 
2019-02-17 22:10:29,296 INFO  [Log]:28 Search button is found 
2019-02-17 22:10:29,541 INFO  [Log]:28 Search button is found 
2019-02-17 22:10:29,907 INFO  [Log]:28 Search button is found 
2019-02-17 22:10:42,201 INFO  [Log]:28 Clicking On MY Profile Image on Home Page 
2019-02-17 22:10:42,264 INFO  [Log]:28 Clicking On MY Profile Image on Home Page 
2019-02-17 22:10:42,444 INFO  [Log]:28 Logout Button is Found 
2019-02-17 22:10:51,445 INFO  [Log]:28 Performing Logout from Edureka 
2019-02-17 22:10:51,451 INFO  [Log]:19 **************************************************************************************** 
2019-02-17 22:10:51,451 INFO  [Log]:20 **************************************************************************************** 
2019-02-17 22:10:51,451 INFO  [Log]:21 $$$$$$$$$$$$$$$$$$$$$                -E---N---D-       $$$$$$$$$$$$$$$$$$$$$$$$$ 
2019-02-17 22:10:51,451 INFO  [Log]:22 **************************************************************************************** 
2019-02-17 22:10:51,451 INFO  [Log]:23 **************************************************************************************** 
2019-02-17 22:10:52,203 INFO  [Log]:28 Path of Logger XMLD:/EclipseLuna/Edureka_Project/src/test/java/log4j.xml 
2019-02-17 22:10:52,203 INFO  [Log]:10 **************************************************************************************** 
2019-02-17 22:10:52,203 INFO  [Log]:11 **************************************************************************************** 
2019-02-17 22:10:52,203 INFO  [Log]:12 $$$$$$$$$$$$$$$$$$$$$                 UpdateProfile       $$$$$$$$$$$$$$$$$$$$$$$$$ 
2019-02-17 22:10:52,203 INFO  [Log]:13 **************************************************************************************** 
2019-02-17 22:10:52,203 INFO  [Log]:14 **************************************************************************************** 
2019-02-17 22:10:52,266 INFO  [Log]:28 Excel sheet opened 
2019-02-17 22:10:52,266 INFO  [Log]:28 Total number of Row used return as < 1 >. 
2019-02-17 22:10:56,988 INFO  [Log]:28 New driver instantiated 
2019-02-17 22:10:57,004 INFO  [Log]:28 Implicit wait applied on the driver for 20 seconds 
2019-02-17 22:11:07,282 INFO  [Log]:28 Web application launched successfully 
2019-02-17 22:11:07,289 INFO  [Log]:28 Click action is performed on My Account link 
2019-02-17 22:11:17,881 ERROR [Log]:34 Class Utils | Method takeScreenshot | Exception occured while capturing ScreenShot : java.net.ConnectException: Failed to connect to localhost/0:0:0:0:0:0:0:1:8789
Build info: version: '3.9.1', revision: '63f7b50', time: '2018-02-07T22:25:02.294Z'
System info: host: 'LAMMY-SUP-PC', ip: '192.168.0.115', os.name: 'Windows 7', os.arch: 'amd64', os.version: '6.1', java.version: '1.8.0_131'
Driver info: driver.version: RemoteWebDriver 
2019-02-17 22:11:17,928 INFO  [Log]:19 **************************************************************************************** 
2019-02-17 22:11:17,928 INFO  [Log]:20 **************************************************************************************** 
2019-02-17 22:11:17,928 INFO  [Log]:21 $$$$$$$$$$$$$$$$$$$$$                -E---N---D-       $$$$$$$$$$$$$$$$$$$$$$$$$ 
2019-02-17 22:11:17,928 INFO  [Log]:22 **************************************************************************************** 
2019-02-17 22:11:17,928 INFO  [Log]:23 **************************************************************************************** 
2019-02-17 22:11:20,549 INFO  [Log]:28 Path of Logger XMLD:/EclipseLuna/Edureka_Project/src/test/java/log4j.xml 
2019-02-17 22:11:20,565 INFO  [Log]:10 **************************************************************************************** 
2019-02-17 22:11:20,565 INFO  [Log]:11 **************************************************************************************** 
2019-02-17 22:11:20,565 INFO  [Log]:12 $$$$$$$$$$$$$$$$$$$$$                 ExploretheCoursesRegistered       $$$$$$$$$$$$$$$$$$$$$$$$$ 
2019-02-17 22:11:20,565 INFO  [Log]:13 **************************************************************************************** 
2019-02-17 22:11:20,565 INFO  [Log]:14 **************************************************************************************** 
2019-02-17 22:11:20,658 INFO  [Log]:28 Excel sheet opened 
2019-02-17 22:11:20,658 INFO  [Log]:28 Total number of Row used return as < 1 >. 
2019-02-17 22:11:24,166 ERROR [Log]:34 Class Utils | Method OpenBrowser | Exception desc : unknown error: unhandled inspector error: {"code":-32000,"message":"No target with given id"}
  (Session info: chrome=72.0.3626.109)
  (Driver info: chromedriver=2.45.615291 (ec3682e3c9061c10f26ea9e5cdcf3c53f3f74387),platform=Windows NT 6.1.7600 x86_64) (WARNING: The server did not provide any stacktrace information)
Command duration or timeout: 0 milliseconds
Build info: version: '3.9.1', revision: '63f7b50', time: '2018-02-07T22:25:02.294Z'
System info: host: 'LAMMY-SUP-PC', ip: '192.168.0.115', os.name: 'Windows 7', os.arch: 'amd64', os.version: '6.1', java.version: '1.8.0_131'
Driver info: org.openqa.selenium.chrome.ChromeDriver
Capabilities {acceptInsecureCerts: false, acceptSslCerts: false, applicationCacheEnabled: false, browserConnectionEnabled: false, browserName: chrome, chrome: {chromedriverVersion: 2.45.615291 (ec3682e3c9061c..., userDataDir: C:\Users\LAMMY-~1\AppData\L...}, cssSelectorsEnabled: true, databaseEnabled: false, goog:chromeOptions: {debuggerAddress: localhost:49299}, handlesAlerts: true, hasTouchScreen: false, javascriptEnabled: true, locationContextEnabled: true, mobileEmulationEnabled: false, nativeEvents: true, networkConnectionEnabled: false, pageLoadStrategy: normal, platform: XP, platformName: XP, proxy: Proxy(), rotatable: false, setWindowRect: true, strictFileInteractability: false, takesHeapSnapshot: true, takesScreenshot: true, timeouts: {implicit: 0, pageLoad: 300000, script: 30000}, unexpectedAlertBehaviour: ignore, unhandledPromptBehavior: ignore, version: 72.0.3626.109, webStorageEnabled: true}
Session ID: b27f20200aa09e778ea753f6fd9450b8 
2019-02-17 22:11:24,169 INFO  [Log]:28 Click action is performed on My Account link 
2019-02-17 22:11:27,236 ERROR [Log]:34 Class Utils | Method takeScreenshot | Exception occured while capturing ScreenShot : no such window: window was already closed
  (Session info: chrome=72.0.3626.109)
  (Driver info: chromedriver=2.45.615291 (ec3682e3c9061c10f26ea9e5cdcf3c53f3f74387),platform=Windows NT 6.1.7600 x86_64) (WARNING: The server did not provide any stacktrace information)
Command duration or timeout: 0 milliseconds
Build info: version: '3.9.1', revision: '63f7b50', time: '2018-02-07T22:25:02.294Z'
System info: host: 'LAMMY-SUP-PC', ip: '192.168.0.115', os.name: 'Windows 7', os.arch: 'amd64', os.version: '6.1', java.version: '1.8.0_131'
Driver info: org.openqa.selenium.chrome.ChromeDriver
Capabilities {acceptInsecureCerts: false, acceptSslCerts: false, applicationCacheEnabled: false, browserConnectionEnabled: false, browserName: chrome, chrome: {chromedriverVersion: 2.45.615291 (ec3682e3c9061c..., userDataDir: C:\Users\LAMMY-~1\AppData\L...}, cssSelectorsEnabled: true, databaseEnabled: false, goog:chromeOptions: {debuggerAddress: localhost:49299}, handlesAlerts: true, hasTouchScreen: false, javascriptEnabled: true, locationContextEnabled: true, mobileEmulationEnabled: false, nativeEvents: true, networkConnectionEnabled: false, pageLoadStrategy: normal, platform: XP, platformName: XP, proxy: Proxy(), rotatable: false, setWindowRect: true, strictFileInteractability: false, takesHeapSnapshot: true, takesScreenshot: true, timeouts: {implicit: 0, pageLoad: 300000, script: 30000}, unexpectedAlertBehaviour: ignore, unhandledPromptBehavior: ignore, version: 72.0.3626.109, webStorageEnabled: true}
Session ID: b27f20200aa09e778ea753f6fd9450b8 
2019-02-17 22:11:27,247 INFO  [Log]:19 **************************************************************************************** 
2019-02-17 22:11:27,248 INFO  [Log]:20 **************************************************************************************** 
2019-02-17 22:11:27,248 INFO  [Log]:21 $$$$$$$$$$$$$$$$$$$$$                -E---N---D-       $$$$$$$$$$$$$$$$$$$$$$$$$ 
2019-02-17 22:11:27,248 INFO  [Log]:22 **************************************************************************************** 
2019-02-17 22:11:27,249 INFO  [Log]:23 **************************************************************************************** 
